 
============================================================ 
[2026-05-03  9:00:02.25] warm_beta_cache start 
============================================================ 
[2026-05-03  9:00:04.59] FastAPI on :8000 unreachable - skip 
 
============================================================ 
[2026-05-04  9:00:02.27] warm_beta_cache start 
============================================================ 
[2026-05-04  9:00:02.63] warming /beta/snapshot ... 
{"as_of":"2026-04-30","mom":{"signal":-1,"cum_dy_3y_63d_bp":50.39999999999999,"dy_3y_1d_bp":6.800000000000006,"level_3y":3.593},"curve":{"signal":-1,"cum_slope_21d_bp":0.20000000000001705,"slope_bp":32.2,"dy_10y_1d_bp":7.299999999999995,"level_10y":3.915}} 
[2026-05-04  9:00:04.56] warm_beta_cache done (exit=0) 
 
============================================================ 
[2026-05-05  9:00:02.23] warm_beta_cache start 
============================================================ 
[2026-05-05  9:00:02.58] warming /beta/snapshot ... 
{"as_of":"2026-04-30","mom":{"signal":-1,"cum_dy_3y_63d_bp":50.39999999999999,"dy_3y_1d_bp":6.800000000000006,"level_3y":3.593},"curve":{"signal":-1,"cum_slope_21d_bp":0.20000000000001705,"slope_bp":32.2,"dy_10y_1d_bp":7.299999999999995,"level_10y":3.915}} 
[2026-05-05  9:00:03.13] warm_beta_cache done (exit=0) 
 
============================================================ 
[2026-05-06  9:00:02.18] warm_beta_cache start 
============================================================ 
[2026-05-06  9:00:02.56] warming /beta/snapshot ... 
{"as_of":"2026-05-04","mom":{"signal":-1,"cum_dy_3y_63d_bp":55.00000000000003,"dy_3y_1d_bp":2.200000000000024,"level_3y":3.615},"curve":{"signal":1,"cum_slope_21d_bp":-0.20000000000002416,"slope_bp":31.79999999999996,"dy_10y_1d_bp":1.7999999999999794,"level_10y":3.933}} 
[2026-05-06  9:00:03.15] warm_beta_cache done (exit=0) 
 
============================================================ 
[2026-05-07  9:00:01.68] warm_beta_cache start 
============================================================ 
[2026-05-07  9:00:02.05] warming /beta/snapshot ... 
{"as_of":"2026-05-06","mom":{"signal":-1,"cum_dy_3y_63d_bp":49.10000000000001,"dy_3y_1d_bp":-1.9000000000000128,"level_3y":3.596},"curve":{"signal":-1,"cum_slope_21d_bp":3.999999999999961,"slope_bp":33.9,"dy_10y_1d_bp":0.20000000000002238,"level_10y":3.935}} 
[2026-05-07  9:00:02.85] warm_beta_cache done (exit=0) 
 
============================================================ 
[2026-05-08  9:00:01.89] warm_beta_cache start 
============================================================ 
[2026-05-08  9:00:02.30] warming /beta/snapshot ... 
{"as_of":"2026-05-07","mom":{"signal":-1,"cum_dy_3y_63d_bp":39.300000000000026,"dy_3y_1d_bp":-6.099999999999994,"level_3y":3.535},"curve":{"signal":-1,"cum_slope_21d_bp":4.59999999999998,"slope_bp":34.09999999999997,"dy_10y_1d_bp":-5.900000000000016,"level_10y":3.876}} 
[2026-05-08  9:00:02.97] warm_beta_cache done (exit=0) 
 
============================================================ 
[2026-05-09  9:00:01.76] warm_beta_cache start 
============================================================ 
[2026-05-09  9:00:02.14] warming /beta/snapshot ... 
{"as_of":"2026-05-07","mom":{"signal":-1,"cum_dy_3y_63d_bp":39.300000000000026,"dy_3y_1d_bp":-6.099999999999994,"level_3y":3.535},"curve":{"signal":-1,"cum_slope_21d_bp":4.59999999999998,"slope_bp":34.09999999999997,"dy_10y_1d_bp":-5.900000000000016,"level_10y":3.876}} 
[2026-05-09  9:00:02.76] warm_beta_cache done (exit=0) 
 
============================================================ 
[2026-05-10  9:00:01.66] warm_beta_cache start 
============================================================ 
[2026-05-10  9:00:02.03] warming /beta/snapshot ... 
{"as_of":"2026-05-07","mom":{"signal":-1,"cum_dy_3y_63d_bp":39.300000000000026,"dy_3y_1d_bp":-6.099999999999994,"level_3y":3.535},"curve":{"signal":-1,"cum_slope_21d_bp":4.59999999999998,"slope_bp":34.09999999999997,"dy_10y_1d_bp":-5.900000000000016,"level_10y":3.876}} 
[2026-05-10  9:00:02.58] warm_beta_cache done (exit=0) 
